<?xml version="1.0" encoding="UTF-8"?>
<!-- Generated by org.testng.reporters.JUnitXMLReporter -->
<testsuite ignored="0" hostname="L-5CD01712CL" failures="1" tests="5" name="Test" time="96.575" errors="0" timestamp="2024-02-03T23:59:21 IST">
  <testcase classname="tests.FourTest" name="fourTest" time="10.73">
    <failure type="java.lang.AssertionError" message="expected [true] but found [false]">
      <![CDATA[java.lang.AssertionError: expected [true] but found [false]
at tests.FourTest.fourTest(FourTest.java:23)
at java.base/java.util.ArrayList.forEach(ArrayList.java:1511)
... Removed 31 stack frames]]>
    </failure>
  </testcase> <!-- fourTest -->
  <testcase classname="tests.TwoTest" name="twoTest" time="54.265"/>
  <testcase classname="tests.LoginTest" name="login" time="2.353"/>
  <testcase classname="tests.LoginTest" name="login" time="7.652"/>
  <testcase classname="tests.ThreeTest" name="threeTest" time="8.766"/>
</testsuite> <!-- Test -->
