<?xml version="1.0" encoding="UTF-8"?>
<testng-results ignored="0" total="1" passed="1" failed="0" skipped="0">
  <reporter-output>
  </reporter-output>
  <suite started-at="2024-02-07T22:23:28 IST" name="Suite" finished-at="2024-02-07T22:23:52 IST" duration-ms="24602">
    <groups>
      <group name="cucumber">
        <method signature="AbstractTestNGCucumberTests.runScenario(io.cucumber.testng.PickleWrapper,io.cucumber.testng.FeatureWrapper)[pri:0, instance:TestngRun.runnersTest@6e9a5ed8]" name="runScenario" class="io.cucumber.testng.AbstractTestNGCucumberTests"/>
      </group> <!-- cucumber -->
    </groups>
    <test started-at="2024-02-07T22:23:28 IST" name="Logtest" finished-at="2024-02-07T22:23:52 IST" duration-ms="24602">
      <class name="TestngRun.runnersTest">
        <test-method is-config="true" signature="setUpClass(org.testng.ITestContext)[pri:0, instance:TestngRun.runnersTest@6e9a5ed8]" started-at="2024-02-07T22:23:28 IST" name="setUpClass" finished-at="2024-02-07T22:23:28 IST" duration-ms="445" status="PASS">
          <params>
            <param index="0">
              <value>
                <![CDATA[org.testng.TestRunner@4e1ce44]]>
              </value>
            </param>
          </params>
          <reporter-output>
          </reporter-output>
        </test-method> <!-- setUpClass -->
        <test-method signature="runScenario(io.cucumber.testng.PickleWrapper,io.cucumber.testng.FeatureWrapper)[pri:0, instance:TestngRun.runnersTest@6e9a5ed8]" started-at="2024-02-07T22:23:28 IST" name="runScenario" description="Runs Cucumber Scenarios" data-provider="scenarios" finished-at="2024-02-07T22:23:52 IST" duration-ms="24074" status="PASS">
          <params>
            <param index="0">
              <value>
                <![CDATA["Login with valid credentials"]]>
              </value>
            </param>
            <param index="1">
              <value>
                <![CDATA["Tutorial Ninja Login Application"]]>
              </value>
            </param>
          </params>
          <reporter-output>
          </reporter-output>
        </test-method> <!-- runScenario -->
        <test-method is-config="true" signature="tearDownClass()[pri:0, instance:TestngRun.runnersTest@6e9a5ed8]" started-at="2024-02-07T22:23:52 IST" name="tearDownClass" finished-at="2024-02-07T22:23:52 IST" duration-ms="4" status="PASS">
          <reporter-output>
          </reporter-output>
        </test-method> <!-- tearDownClass -->
      </class> <!-- TestngRun.runnersTest -->
    </test> <!-- Logtest -->
  </suite> <!-- Suite -->
</testng-results>
